[90132] [0;94m?[0m Select a theme to pull from 994948-b4.myshopify.com [0;33m(Choose with â†‘ â†“ â, filter with 'f')[0m
[90132] [?25l[90132] [0;94m> 1. [0;94;1;1mDawn [0;94;1;1;32m[live][0;94m[K[0m
[90132] [0m  2. [0;1;1mSpotlight [0;1;1;33m[unpublished][0m[K
[90132] [0m  3. [0;1;1mDevelopment (7dc578-Macs-MacBook-Pro) [0;1;1;94m[development][0;1;1m [0;1;1;36m[yours][0m[K
[90132] [1A[1G[90132] [1A[1G[90132] [1A[1G[90132]                                                                                   
[90132]                                                                                   
[90132]                                                                                   
[90132] [1A[1G[90132] [1A[1G[90132] [1A[1G[90132] [?25h[90132] [1A[1G[K[90132] [1A[1G
[90132] [0;94m?[0m Select a theme to pull from 994948-b4.myshopify.com (You chose: [0;3;1mDawn [0;3;1;32m[live][0m)
[90132] [?25l[36m[1Gâ”â”â”â”â”â”â”â”â”â”â”â”â”â”â”â”â”â”â”â”â”â”â”â”â”â”â”â”â”â”â”â”â”â”â”â”â”â”â”â”â”â”â”â”â”â”â”â”â”â”â”â”â”â”â”â”â”â”â”â”â”â”â”â”â”â”â”â”â”â”â”â”â”â”â”â”â”â”â”â”â”â”[1G[36mâ”â”â” [0;36mPulling theme files from Dawn (#168795144541) on 994948-b4.myshopify.com[0m [36m[81G[0m[?25h
[90132] [36mâ”ƒ [0m[?25l[90132] [0m[46m     [1;47m                                                                      [0m 6%  [90132] [1A[1G
[90132] [36mâ”ƒ [0m[0m[46m          [1;47m                                                                 [0m 12% [90132] [1A[1G
[90132] [36mâ”ƒ [0m[0m[46m               [1;47m                                                            [0m 18% [90132] [1A[1G
[90132] [36mâ”ƒ [0m[0m[46m                   [1;47m                                                        [0m 25% [90132] [1A[1G
[90132] [36mâ”ƒ [0m[0m[46m                        [1;47m                                                   [0m 31% [90132] [1A[1G
[90132] [36mâ”ƒ [0m[0m[46m                             [1;47m                                              [0m 37% [90132] [1A[1G
[90132] [36mâ”ƒ [0m[0m[46m                                 [1;47m                                          [0m 43% [90132] [1A[1G
[90132] [36mâ”ƒ [0m[0m[46m                                      [1;47m                                     [0m 50% [90132] [1A[1G
[90132] [36mâ”ƒ [0m[0m[46m                                           [1;47m                                [0m 56% [90132] [1A[1G
[90132] [36mâ”ƒ [0m[0m[46m                                               [1;47m                            [0m 62% [90132] [1A[1G
[90132] [36mâ”ƒ [0m[0m[46m                                                    [1;47m                       [0m 68% [90132] [1A[1G
[90132] [36mâ”ƒ [0m[0m[46m                                                         [1;47m                  [0m 75% [90132] [1A[1G
[90132] [36mâ”ƒ [0m[0m[46m                                                             [1;47m              [0m 81% [90132] [1A[1G
[90132] [36mâ”ƒ [0m[0m[46m                                                                  [1;47m         [0m 87% [90132] [1A[1G
[90132] [36mâ”ƒ [0m[0m[46m                                                                       [1;47m    [0m 93% [90132] [1A[1G
[90132] [36mâ”ƒ [0m[0m[46m                                                                           [1;47m[0m 100%[90132] [1A[1G
[90132] [36mâ”ƒ [0m[0m[46m                                                                           [1;47m[0m 100%
[90132] [?25h[90132] [?25l[36m[1Gâ”â”â”â”â”â”â”â”â”â”â”â”â”â”â”â”â”â”â”â”â”â”â”â”â”â”â”â”â”â”â”â”â”â”â”â”â”â”â”â”â”â”â”â”â”â”â”â”â”â”â”â”â”â”â”â”â”â”â”â”â”â”â”â”â”â”â”â”â”â”â”â”â”â”â”â”â”â”â”â”â”â”[1G[36mâ”—â”â”[36m[72G (4.17s) [0m[?25h
[90132] [0;32mâœ“[0m Theme pulled successfully.
